<?xml version="1.0" encoding="UTF-8"?>
<testng-results ignored="0" total="12" passed="12" failed="0" skipped="0">
  <reporter-output>
    <line>
      <![CDATA[Page load time: 4719 milliseconds]]>
    </line>
    <line>
      <![CDATA[Reached Flipkart Home page with chrome driver]]>
    </line>
    <line>
      <![CDATA[Home title matched]]>
    </line>
    <line>
      <![CDATA[Pop-up has not appeared.]]>
    </line>
    <line>
      <![CDATA[Clicking on Mobiles link]]>
    </line>
    <line>
      <![CDATA[Reached mobiles Page]]>
    </line>
    <line>
      <![CDATA[Sending Keys "iPhone 13"]]>
    </line>
    <line>
      <![CDATA[Clicking on search option]]>
    </line>
    <line>
      <![CDATA[Reached iPhone 13 Page]]>
    </line>
    <line>
      <![CDATA[Testing scroll feature]]>
    </line>
    <line>
      <![CDATA[Successfully navigated to the bottom of the page.]]>
    </line>
    <line>
      <![CDATA[Checking image visibility...]]>
    </line>
    <line>
      <![CDATA[Verify the frequency of content refresh while scrolling]]>
    </line>
    <line>
      <![CDATA[Executing the JavaScript code...]]>
    </line>
    <line>
      <![CDATA[Checking if images are visible on the screen...]]>
    </line>
    <line>
      <![CDATA[Verifying that the image is downloaded just before the user scrolls to its
position and gets displayed in time...]]>
    </line>
    <line>
      <![CDATA[Time taken to display image: 48 milliseconds.]]>
    </line>
    <line>
      <![CDATA[Image is visible within the screen height.]]>
    </line>
    <line>
      <![CDATA[Time taken to display image: 44 milliseconds.]]>
    </line>
    <line>
      <![CDATA[Image is visible within the screen height.]]>
    </line>
    <line>
      <![CDATA[Time taken to display image: 31 milliseconds.]]>
    </line>
    <line>
      <![CDATA[Image is visible within the screen height.]]>
    </line>
    <line>
      <![CDATA[Time taken to display image: 36 milliseconds.]]>
    </line>
    <line>
      <![CDATA[Image is visible within the screen height.]]>
    </line>
    <line>
      <![CDATA[Time taken to display image: 37 milliseconds.]]>
    </line>
    <line>
      <![CDATA[Image is visible within the screen height.]]>
    </line>
    <line>
      <![CDATA[Time taken to display image: 36 milliseconds.]]>
    </line>
    <line>
      <![CDATA[Image is visible within the screen height.]]>
    </line>
    <line>
      <![CDATA[Time taken to display image: 40 milliseconds.]]>
    </line>
    <line>
      <![CDATA[Image is visible within the screen height.]]>
    </line>
    <line>
      <![CDATA[Time taken to display image: 41 milliseconds.]]>
    </line>
    <line>
      <![CDATA[Image is visible within the screen height.]]>
    </line>
    <line>
      <![CDATA[Time taken to display image: 50 milliseconds.]]>
    </line>
    <line>
      <![CDATA[Image is visible within the screen height.]]>
    </line>
    <line>
      <![CDATA[Time taken to load image: 42 milliseconds.]]>
    </line>
    <line>
      <![CDATA[Image is not visible within the screen height.]]>
    </line>
    <line>
      <![CDATA[Time taken to load image: 41 milliseconds.]]>
    </line>
    <line>
      <![CDATA[Image is not visible within the screen height.]]>
    </line>
    <line>
      <![CDATA[Time taken to load image: 39 milliseconds.]]>
    </line>
    <line>
      <![CDATA[Image is not visible within the screen height.]]>
    </line>
    <line>
      <![CDATA[Time taken to load image: 38 milliseconds.]]>
    </line>
    <line>
      <![CDATA[Image is not visible within the screen height.]]>
    </line>
    <line>
      <![CDATA[Time taken to load image: 42 milliseconds.]]>
    </line>
    <line>
      <![CDATA[Image is not visible within the screen height.]]>
    </line>
    <line>
      <![CDATA[Time taken to load image: 34 milliseconds.]]>
    </line>
    <line>
      <![CDATA[Image is not visible within the screen height.]]>
    </line>
    <line>
      <![CDATA[Time taken to load image: 37 milliseconds.]]>
    </line>
    <line>
      <![CDATA[Image is not visible within the screen height.]]>
    </line>
    <line>
      <![CDATA[Time taken to load image: 43 milliseconds.]]>
    </line>
    <line>
      <![CDATA[Image is not visible within the screen height.]]>
    </line>
    <line>
      <![CDATA[Time taken to load image: 40 milliseconds.]]>
    </line>
    <line>
      <![CDATA[Image is not visible within the screen height.]]>
    </line>
    <line>
      <![CDATA[Time taken to load image: 34 milliseconds.]]>
    </line>
    <line>
      <![CDATA[Image is not visible within the screen height.]]>
    </line>
    <line>
      <![CDATA[Time taken to load image: 37 milliseconds.]]>
    </line>
    <line>
      <![CDATA[Image is not visible within the screen height.]]>
    </line>
    <line>
      <![CDATA[Time taken to load image: 32 milliseconds.]]>
    </line>
    <line>
      <![CDATA[Image is not visible within the screen height.]]>
    </line>
    <line>
      <![CDATA[Time taken to load image: 32 milliseconds.]]>
    </line>
    <line>
      <![CDATA[Image is not visible within the screen height.]]>
    </line>
    <line>
      <![CDATA[Time taken to load image: 29 milliseconds.]]>
    </line>
    <line>
      <![CDATA[Image is not visible within the screen height.]]>
    </line>
    <line>
      <![CDATA[Time taken to load image: 38 milliseconds.]]>
    </line>
    <line>
      <![CDATA[Image is not visible within the screen height.]]>
    </line>
    <line>
      <![CDATA[Time taken to load image: 34 milliseconds.]]>
    </line>
    <line>
      <![CDATA[Image is not visible within the screen height.]]>
    </line>
    <line>
      <![CDATA[Time taken to load image: 37 milliseconds.]]>
    </line>
    <line>
      <![CDATA[Image is not visible within the screen height.]]>
    </line>
    <line>
      <![CDATA[Time taken to load image: 35 milliseconds.]]>
    </line>
    <line>
      <![CDATA[Image is not visible within the screen height.]]>
    </line>
    <line>
      <![CDATA[Time taken to load image: 26 milliseconds.]]>
    </line>
    <line>
      <![CDATA[Image is not visible within the screen height.]]>
    </line>
    <line>
      <![CDATA[Time taken to load image: 24 milliseconds.]]>
    </line>
    <line>
      <![CDATA[Image is not visible within the screen height.]]>
    </line>
    <line>
      <![CDATA[Time taken to load image: 22 milliseconds.]]>
    </line>
    <line>
      <![CDATA[Image is not visible within the screen height.]]>
    </line>
    <line>
      <![CDATA[Time taken to load image: 31 milliseconds.]]>
    </line>
    <line>
      <![CDATA[Image is not visible within the screen height.]]>
    </line>
    <line>
      <![CDATA[Time taken to load image: 29 milliseconds.]]>
    </line>
    <line>
      <![CDATA[Image is not visible within the screen height.]]>
    </line>
    <line>
      <![CDATA[Page load time: 4216 milliseconds]]>
    </line>
    <line>
      <![CDATA[Reached Flipkart Home page with edge driver]]>
    </line>
    <line>
      <![CDATA[Home title matched]]>
    </line>
    <line>
      <![CDATA[Pop-up has appeared, and it has been closed]]>
    </line>
    <line>
      <![CDATA[Clicking on Mobiles link]]>
    </line>
    <line>
      <![CDATA[Reached mobiles Page]]>
    </line>
    <line>
      <![CDATA[Sending Keys "iPhone 13"]]>
    </line>
    <line>
      <![CDATA[Clicking on search option]]>
    </line>
    <line>
      <![CDATA[Reached iPhone 13 Page]]>
    </line>
    <line>
      <![CDATA[Testing scroll feature]]>
    </line>
    <line>
      <![CDATA[Successfully navigated to the bottom of the page.]]>
    </line>
    <line>
      <![CDATA[Checking image visibility...]]>
    </line>
    <line>
      <![CDATA[Verify the frequency of content refresh while scrolling]]>
    </line>
    <line>
      <![CDATA[Executing the JavaScript code...]]>
    </line>
    <line>
      <![CDATA[Checking if images are visible on the screen...]]>
    </line>
    <line>
      <![CDATA[Verifying that the image is downloaded just before the user scrolls to its
position and gets displayed in time...]]>
    </line>
    <line>
      <![CDATA[Time taken to display image: 45 milliseconds.]]>
    </line>
    <line>
      <![CDATA[Image is visible within the screen height.]]>
    </line>
    <line>
      <![CDATA[Time taken to display image: 44 milliseconds.]]>
    </line>
    <line>
      <![CDATA[Image is visible within the screen height.]]>
    </line>
    <line>
      <![CDATA[Time taken to display image: 43 milliseconds.]]>
    </line>
    <line>
      <![CDATA[Image is visible within the screen height.]]>
    </line>
    <line>
      <![CDATA[Time taken to display image: 35 milliseconds.]]>
    </line>
    <line>
      <![CDATA[Image is visible within the screen height.]]>
    </line>
    <line>
      <![CDATA[Time taken to display image: 30 milliseconds.]]>
    </line>
    <line>
      <![CDATA[Image is visible within the screen height.]]>
    </line>
    <line>
      <![CDATA[Time taken to display image: 31 milliseconds.]]>
    </line>
    <line>
      <![CDATA[Image is visible within the screen height.]]>
    </line>
    <line>
      <![CDATA[Time taken to display image: 31 milliseconds.]]>
    </line>
    <line>
      <![CDATA[Image is visible within the screen height.]]>
    </line>
    <line>
      <![CDATA[Time taken to display image: 25 milliseconds.]]>
    </line>
    <line>
      <![CDATA[Image is visible within the screen height.]]>
    </line>
    <line>
      <![CDATA[Time taken to display image: 26 milliseconds.]]>
    </line>
    <line>
      <![CDATA[Image is visible within the screen height.]]>
    </line>
    <line>
      <![CDATA[Time taken to load image: 30 milliseconds.]]>
    </line>
    <line>
      <![CDATA[Image is not visible within the screen height.]]>
    </line>
    <line>
      <![CDATA[Time taken to load image: 36 milliseconds.]]>
    </line>
    <line>
      <![CDATA[Image is not visible within the screen height.]]>
    </line>
    <line>
      <![CDATA[Time taken to load image: 19 milliseconds.]]>
    </line>
    <line>
      <![CDATA[Image is not visible within the screen height.]]>
    </line>
    <line>
      <![CDATA[Time taken to load image: 17 milliseconds.]]>
    </line>
    <line>
      <![CDATA[Image is not visible within the screen height.]]>
    </line>
    <line>
      <![CDATA[Time taken to load image: 9 milliseconds.]]>
    </line>
    <line>
      <![CDATA[Image is not visible within the screen height.]]>
    </line>
    <line>
      <![CDATA[Time taken to load image: 10 milliseconds.]]>
    </line>
    <line>
      <![CDATA[Image is not visible within the screen height.]]>
    </line>
    <line>
      <![CDATA[Time taken to load image: 10 milliseconds.]]>
    </line>
    <line>
      <![CDATA[Image is not visible within the screen height.]]>
    </line>
    <line>
      <![CDATA[Time taken to load image: 10 milliseconds.]]>
    </line>
    <line>
      <![CDATA[Image is not visible within the screen height.]]>
    </line>
    <line>
      <![CDATA[Time taken to load image: 10 milliseconds.]]>
    </line>
    <line>
      <![CDATA[Image is not visible within the screen height.]]>
    </line>
    <line>
      <![CDATA[Time taken to load image: 8 milliseconds.]]>
    </line>
    <line>
      <![CDATA[Image is not visible within the screen height.]]>
    </line>
    <line>
      <![CDATA[Time taken to load image: 6 milliseconds.]]>
    </line>
    <line>
      <![CDATA[Image is not visible within the screen height.]]>
    </line>
    <line>
      <![CDATA[Time taken to load image: 6 milliseconds.]]>
    </line>
    <line>
      <![CDATA[Image is not visible within the screen height.]]>
    </line>
    <line>
      <![CDATA[Time taken to load image: 6 milliseconds.]]>
    </line>
    <line>
      <![CDATA[Image is not visible within the screen height.]]>
    </line>
    <line>
      <![CDATA[Time taken to load image: 8 milliseconds.]]>
    </line>
    <line>
      <![CDATA[Image is not visible within the screen height.]]>
    </line>
    <line>
      <![CDATA[Time taken to load image: 7 milliseconds.]]>
    </line>
    <line>
      <![CDATA[Image is not visible within the screen height.]]>
    </line>
    <line>
      <![CDATA[Time taken to load image: 6 milliseconds.]]>
    </line>
    <line>
      <![CDATA[Image is not visible within the screen height.]]>
    </line>
    <line>
      <![CDATA[Time taken to load image: 10 milliseconds.]]>
    </line>
    <line>
      <![CDATA[Image is not visible within the screen height.]]>
    </line>
    <line>
      <![CDATA[Time taken to load image: 6 milliseconds.]]>
    </line>
    <line>
      <![CDATA[Image is not visible within the screen height.]]>
    </line>
    <line>
      <![CDATA[Time taken to load image: 8 milliseconds.]]>
    </line>
    <line>
      <![CDATA[Image is not visible within the screen height.]]>
    </line>
    <line>
      <![CDATA[Time taken to load image: 18 milliseconds.]]>
    </line>
    <line>
      <![CDATA[Image is not visible within the screen height.]]>
    </line>
    <line>
      <![CDATA[Time taken to load image: 7 milliseconds.]]>
    </line>
    <line>
      <![CDATA[Image is not visible within the screen height.]]>
    </line>
    <line>
      <![CDATA[Time taken to load image: 7 milliseconds.]]>
    </line>
    <line>
      <![CDATA[Image is not visible within the screen height.]]>
    </line>
    <line>
      <![CDATA[Time taken to load image: 7 milliseconds.]]>
    </line>
    <line>
      <![CDATA[Image is not visible within the screen height.]]>
    </line>
    <line>
      <![CDATA[Time taken to load image: 9 milliseconds.]]>
    </line>
    <line>
      <![CDATA[Image is not visible within the screen height.]]>
    </line>
    <line>
      <![CDATA[Time taken to load image: 7 milliseconds.]]>
    </line>
    <line>
      <![CDATA[Image is not visible within the screen height.]]>
    </line>
    <line>
      <![CDATA[Time taken to load image: 9 milliseconds.]]>
    </line>
    <line>
      <![CDATA[Image is not visible within the screen height.]]>
    </line>
    <line>
      <![CDATA[Page load time: 4775 milliseconds]]>
    </line>
    <line>
      <![CDATA[Reached Flipkart Home page with gecko driver]]>
    </line>
    <line>
      <![CDATA[Home title matched]]>
    </line>
    <line>
      <![CDATA[Pop-up has not appeared.]]>
    </line>
    <line>
      <![CDATA[Clicking on Mobiles link]]>
    </line>
    <line>
      <![CDATA[Reached mobiles Page]]>
    </line>
    <line>
      <![CDATA[Sending Keys "iPhone 13"]]>
    </line>
    <line>
      <![CDATA[Clicking on search option]]>
    </line>
    <line>
      <![CDATA[Reached iPhone 13 Page]]>
    </line>
    <line>
      <![CDATA[Testing scroll feature]]>
    </line>
    <line>
      <![CDATA[Successfully navigated to the bottom of the page.]]>
    </line>
    <line>
      <![CDATA[Checking image visibility...]]>
    </line>
    <line>
      <![CDATA[Verify the frequency of content refresh while scrolling]]>
    </line>
    <line>
      <![CDATA[Executing the JavaScript code...]]>
    </line>
    <line>
      <![CDATA[Checking if images are visible on the screen...]]>
    </line>
    <line>
      <![CDATA[Verifying that the image is downloaded just before the user scrolls to its
position and gets displayed in time...]]>
    </line>
    <line>
      <![CDATA[Time taken to display image: 9 milliseconds.]]>
    </line>
    <line>
      <![CDATA[Image is visible within the screen height.]]>
    </line>
    <line>
      <![CDATA[Time taken to display image: 6 milliseconds.]]>
    </line>
    <line>
      <![CDATA[Image is visible within the screen height.]]>
    </line>
    <line>
      <![CDATA[Time taken to display image: 7 milliseconds.]]>
    </line>
    <line>
      <![CDATA[Image is visible within the screen height.]]>
    </line>
    <line>
      <![CDATA[Time taken to display image: 5 milliseconds.]]>
    </line>
    <line>
      <![CDATA[Image is visible within the screen height.]]>
    </line>
    <line>
      <![CDATA[Time taken to display image: 5 milliseconds.]]>
    </line>
    <line>
      <![CDATA[Image is visible within the screen height.]]>
    </line>
    <line>
      <![CDATA[Time taken to display image: 6 milliseconds.]]>
    </line>
    <line>
      <![CDATA[Image is visible within the screen height.]]>
    </line>
    <line>
      <![CDATA[Time taken to display image: 6 milliseconds.]]>
    </line>
    <line>
      <![CDATA[Image is visible within the screen height.]]>
    </line>
    <line>
      <![CDATA[Time taken to display image: 6 milliseconds.]]>
    </line>
    <line>
      <![CDATA[Image is visible within the screen height.]]>
    </line>
    <line>
      <![CDATA[Time taken to display image: 17 milliseconds.]]>
    </line>
    <line>
      <![CDATA[Image is visible within the screen height.]]>
    </line>
    <line>
      <![CDATA[Time taken to display image: 10 milliseconds.]]>
    </line>
    <line>
      <![CDATA[Image is visible within the screen height.]]>
    </line>
    <line>
      <![CDATA[Time taken to load image: 8 milliseconds.]]>
    </line>
    <line>
      <![CDATA[Image is not visible within the screen height.]]>
    </line>
    <line>
      <![CDATA[Time taken to load image: 9 milliseconds.]]>
    </line>
    <line>
      <![CDATA[Image is not visible within the screen height.]]>
    </line>
    <line>
      <![CDATA[Time taken to load image: 9 milliseconds.]]>
    </line>
    <line>
      <![CDATA[Image is not visible within the screen height.]]>
    </line>
    <line>
      <![CDATA[Time taken to load image: 6 milliseconds.]]>
    </line>
    <line>
      <![CDATA[Image is not visible within the screen height.]]>
    </line>
    <line>
      <![CDATA[Time taken to load image: 7 milliseconds.]]>
    </line>
    <line>
      <![CDATA[Image is not visible within the screen height.]]>
    </line>
    <line>
      <![CDATA[Time taken to load image: 5 milliseconds.]]>
    </line>
    <line>
      <![CDATA[Image is not visible within the screen height.]]>
    </line>
    <line>
      <![CDATA[Time taken to load image: 6 milliseconds.]]>
    </line>
    <line>
      <![CDATA[Image is not visible within the screen height.]]>
    </line>
    <line>
      <![CDATA[Time taken to load image: 8 milliseconds.]]>
    </line>
    <line>
      <![CDATA[Image is not visible within the screen height.]]>
    </line>
    <line>
      <![CDATA[Time taken to load image: 6 milliseconds.]]>
    </line>
    <line>
      <![CDATA[Image is not visible within the screen height.]]>
    </line>
    <line>
      <![CDATA[Time taken to load image: 7 milliseconds.]]>
    </line>
    <line>
      <![CDATA[Image is not visible within the screen height.]]>
    </line>
    <line>
      <![CDATA[Time taken to load image: 5 milliseconds.]]>
    </line>
    <line>
      <![CDATA[Image is not visible within the screen height.]]>
    </line>
    <line>
      <![CDATA[Time taken to load image: 5 milliseconds.]]>
    </line>
    <line>
      <![CDATA[Image is not visible within the screen height.]]>
    </line>
    <line>
      <![CDATA[Time taken to load image: 7 milliseconds.]]>
    </line>
    <line>
      <![CDATA[Image is not visible within the screen height.]]>
    </line>
    <line>
      <![CDATA[Time taken to load image: 5 milliseconds.]]>
    </line>
    <line>
      <![CDATA[Image is not visible within the screen height.]]>
    </line>
    <line>
      <![CDATA[Time taken to load image: 5 milliseconds.]]>
    </line>
    <line>
      <![CDATA[Image is not visible within the screen height.]]>
    </line>
    <line>
      <![CDATA[Time taken to load image: 7 milliseconds.]]>
    </line>
    <line>
      <![CDATA[Image is not visible within the screen height.]]>
    </line>
    <line>
      <![CDATA[Time taken to load image: 4 milliseconds.]]>
    </line>
    <line>
      <![CDATA[Image is not visible within the screen height.]]>
    </line>
    <line>
      <![CDATA[Time taken to load image: 6 milliseconds.]]>
    </line>
    <line>
      <![CDATA[Image is not visible within the screen height.]]>
    </line>
    <line>
      <![CDATA[Time taken to load image: 6 milliseconds.]]>
    </line>
    <line>
      <![CDATA[Image is not visible within the screen height.]]>
    </line>
    <line>
      <![CDATA[Time taken to load image: 5 milliseconds.]]>
    </line>
    <line>
      <![CDATA[Image is not visible within the screen height.]]>
    </line>
    <line>
      <![CDATA[Time taken to load image: 10 milliseconds.]]>
    </line>
    <line>
      <![CDATA[Image is not visible within the screen height.]]>
    </line>
    <line>
      <![CDATA[Time taken to load image: 6 milliseconds.]]>
    </line>
    <line>
      <![CDATA[Image is not visible within the screen height.]]>
    </line>
    <line>
      <![CDATA[Time taken to load image: 5 milliseconds.]]>
    </line>
    <line>
      <![CDATA[Image is not visible within the screen height.]]>
    </line>
    <line>
      <![CDATA[Time taken to load image: 7 milliseconds.]]>
    </line>
    <line>
      <![CDATA[Image is not visible within the screen height.]]>
    </line>
    <line>
      <![CDATA[Time taken to load image: 10 milliseconds.]]>
    </line>
    <line>
      <![CDATA[Image is not visible within the screen height.]]>
    </line>
  </reporter-output>
  <suite started-at="2023-08-01T15:57:25 IST" name="Automating-Ecommerce-Website" finished-at="2023-08-01T15:58:52 IST" duration-ms="87409">
    <groups>
    </groups>
    <test started-at="2023-08-01T15:57:25 IST" name="Testing on Chrome Browser" finished-at="2023-08-01T15:58:00 IST" duration-ms="35653">
      <class name="com.example.EcommerceAutomationTest">
        <test-method is-config="true" signature="setup(java.lang.String,java.lang.String)[pri:0, instance:com.example.EcommerceAutomationTest@46cdf8bd]" started-at="2023-08-01T15:57:25 IST" name="setup" finished-at="2023-08-01T15:57:27 IST" duration-ms="2261" status="PASS">
          <params>
            <param index="0">
              <value>
                <![CDATA[chrome]]>
              </value>
            </param>
            <param index="1">
              <value>
                <![CDATA[C:\\Users\\LENOVO\\Downloads\\Selenium jars\\chromedriver.exe]]>
              </value>
            </param>
          </params>
          <reporter-output>
          </reporter-output>
        </test-method> <!-- setup -->
        <test-method signature="HomePageTest(java.lang.String,java.lang.String,java.lang.String)[pri:1, instance:com.example.EcommerceAutomationTest@46cdf8bd]" started-at="2023-08-01T15:57:27 IST" name="HomePageTest" finished-at="2023-08-01T15:57:43 IST" duration-ms="16368" status="PASS">
          <params>
            <param index="0">
              <value>
                <![CDATA[https://www.flipkart.com]]>
              </value>
            </param>
            <param index="1">
              <value>
                <![CDATA[chrome]]>
              </value>
            </param>
            <param index="2">
              <value>
                <![CDATA[E:\\screenshots\\]]>
              </value>
            </param>
          </params>
          <reporter-output>
            <line>
              <![CDATA[Page load time: 4719 milliseconds]]>
            </line>
            <line>
              <![CDATA[Reached Flipkart Home page with chrome driver]]>
            </line>
            <line>
              <![CDATA[Home title matched]]>
            </line>
            <line>
              <![CDATA[Pop-up has not appeared.]]>
            </line>
          </reporter-output>
        </test-method> <!-- HomePageTest -->
        <test-method signature="MobileSearchTest(java.lang.String,java.lang.String)[pri:2, instance:com.example.EcommerceAutomationTest@46cdf8bd]" started-at="2023-08-01T15:57:43 IST" name="MobileSearchTest" finished-at="2023-08-01T15:57:49 IST" duration-ms="5696" status="PASS">
          <params>
            <param index="0">
              <value>
                <![CDATA[chrome]]>
              </value>
            </param>
            <param index="1">
              <value>
                <![CDATA[E:\\screenshots\\]]>
              </value>
            </param>
          </params>
          <reporter-output>
            <line>
              <![CDATA[Clicking on Mobiles link]]>
            </line>
            <line>
              <![CDATA[Reached mobiles Page]]>
            </line>
            <line>
              <![CDATA[Sending Keys "iPhone 13"]]>
            </line>
            <line>
              <![CDATA[Clicking on search option]]>
            </line>
          </reporter-output>
        </test-method> <!-- MobileSearchTest -->
        <test-method signature="ScrollFeatureTest(java.lang.String,java.lang.String)[pri:3, instance:com.example.EcommerceAutomationTest@46cdf8bd]" started-at="2023-08-01T15:57:49 IST" name="ScrollFeatureTest" finished-at="2023-08-01T15:57:55 IST" duration-ms="6393" status="PASS">
          <params>
            <param index="0">
              <value>
                <![CDATA[chrome]]>
              </value>
            </param>
            <param index="1">
              <value>
                <![CDATA[E:\\screenshots\\]]>
              </value>
            </param>
          </params>
          <reporter-output>
            <line>
              <![CDATA[Reached iPhone 13 Page]]>
            </line>
            <line>
              <![CDATA[Testing scroll feature]]>
            </line>
            <line>
              <![CDATA[Successfully navigated to the bottom of the page.]]>
            </line>
          </reporter-output>
        </test-method> <!-- ScrollFeatureTest -->
        <test-method signature="ImageVisibilityTest(java.lang.String,java.lang.String)[pri:4, instance:com.example.EcommerceAutomationTest@46cdf8bd]" started-at="2023-08-01T15:57:55 IST" name="ImageVisibilityTest" finished-at="2023-08-01T15:58:00 IST" duration-ms="4495" status="PASS">
          <params>
            <param index="0">
              <value>
                <![CDATA[chrome]]>
              </value>
            </param>
            <param index="1">
              <value>
                <![CDATA[E:\\screenshots\\]]>
              </value>
            </param>
          </params>
          <reporter-output>
            <line>
              <![CDATA[Checking image visibility...]]>
            </line>
            <line>
              <![CDATA[Verify the frequency of content refresh while scrolling]]>
            </line>
            <line>
              <![CDATA[Executing the JavaScript code...]]>
            </line>
            <line>
              <![CDATA[Checking if images are visible on the screen...]]>
            </line>
            <line>
              <![CDATA[Verifying that the image is downloaded just before the user scrolls to its
position and gets displayed in time...]]>
            </line>
            <line>
              <![CDATA[Time taken to display image: 48 milliseconds.]]>
            </line>
            <line>
              <![CDATA[Image is visible within the screen height.]]>
            </line>
            <line>
              <![CDATA[Time taken to display image: 44 milliseconds.]]>
            </line>
            <line>
              <![CDATA[Image is visible within the screen height.]]>
            </line>
            <line>
              <![CDATA[Time taken to display image: 31 milliseconds.]]>
            </line>
            <line>
              <![CDATA[Image is visible within the screen height.]]>
            </line>
            <line>
              <![CDATA[Time taken to display image: 36 milliseconds.]]>
            </line>
            <line>
              <![CDATA[Image is visible within the screen height.]]>
            </line>
            <line>
              <![CDATA[Time taken to display image: 37 milliseconds.]]>
            </line>
            <line>
              <![CDATA[Image is visible within the screen height.]]>
            </line>
            <line>
              <![CDATA[Time taken to display image: 36 milliseconds.]]>
            </line>
            <line>
              <![CDATA[Image is visible within the screen height.]]>
            </line>
            <line>
              <![CDATA[Time taken to display image: 40 milliseconds.]]>
            </line>
            <line>
              <![CDATA[Image is visible within the screen height.]]>
            </line>
            <line>
              <![CDATA[Time taken to display image: 41 milliseconds.]]>
            </line>
            <line>
              <![CDATA[Image is visible within the screen height.]]>
            </line>
            <line>
              <![CDATA[Time taken to display image: 50 milliseconds.]]>
            </line>
            <line>
              <![CDATA[Image is visible within the screen height.]]>
            </line>
            <line>
              <![CDATA[Time taken to load image: 42 milliseconds.]]>
            </line>
            <line>
              <![CDATA[Image is not visible within the screen height.]]>
            </line>
            <line>
              <![CDATA[Time taken to load image: 41 milliseconds.]]>
            </line>
            <line>
              <![CDATA[Image is not visible within the screen height.]]>
            </line>
            <line>
              <![CDATA[Time taken to load image: 39 milliseconds.]]>
            </line>
            <line>
              <![CDATA[Image is not visible within the screen height.]]>
            </line>
            <line>
              <![CDATA[Time taken to load image: 38 milliseconds.]]>
            </line>
            <line>
              <![CDATA[Image is not visible within the screen height.]]>
            </line>
            <line>
              <![CDATA[Time taken to load image: 42 milliseconds.]]>
            </line>
            <line>
              <![CDATA[Image is not visible within the screen height.]]>
            </line>
            <line>
              <![CDATA[Time taken to load image: 34 milliseconds.]]>
            </line>
            <line>
              <![CDATA[Image is not visible within the screen height.]]>
            </line>
            <line>
              <![CDATA[Time taken to load image: 37 milliseconds.]]>
            </line>
            <line>
              <![CDATA[Image is not visible within the screen height.]]>
            </line>
            <line>
              <![CDATA[Time taken to load image: 43 milliseconds.]]>
            </line>
            <line>
              <![CDATA[Image is not visible within the screen height.]]>
            </line>
            <line>
              <![CDATA[Time taken to load image: 40 milliseconds.]]>
            </line>
            <line>
              <![CDATA[Image is not visible within the screen height.]]>
            </line>
            <line>
              <![CDATA[Time taken to load image: 34 milliseconds.]]>
            </line>
            <line>
              <![CDATA[Image is not visible within the screen height.]]>
            </line>
            <line>
              <![CDATA[Time taken to load image: 37 milliseconds.]]>
            </line>
            <line>
              <![CDATA[Image is not visible within the screen height.]]>
            </line>
            <line>
              <![CDATA[Time taken to load image: 32 milliseconds.]]>
            </line>
            <line>
              <![CDATA[Image is not visible within the screen height.]]>
            </line>
            <line>
              <![CDATA[Time taken to load image: 32 milliseconds.]]>
            </line>
            <line>
              <![CDATA[Image is not visible within the screen height.]]>
            </line>
            <line>
              <![CDATA[Time taken to load image: 29 milliseconds.]]>
            </line>
            <line>
              <![CDATA[Image is not visible within the screen height.]]>
            </line>
            <line>
              <![CDATA[Time taken to load image: 38 milliseconds.]]>
            </line>
            <line>
              <![CDATA[Image is not visible within the screen height.]]>
            </line>
            <line>
              <![CDATA[Time taken to load image: 34 milliseconds.]]>
            </line>
            <line>
              <![CDATA[Image is not visible within the screen height.]]>
            </line>
            <line>
              <![CDATA[Time taken to load image: 37 milliseconds.]]>
            </line>
            <line>
              <![CDATA[Image is not visible within the screen height.]]>
            </line>
            <line>
              <![CDATA[Time taken to load image: 35 milliseconds.]]>
            </line>
            <line>
              <![CDATA[Image is not visible within the screen height.]]>
            </line>
            <line>
              <![CDATA[Time taken to load image: 26 milliseconds.]]>
            </line>
            <line>
              <![CDATA[Image is not visible within the screen height.]]>
            </line>
            <line>
              <![CDATA[Time taken to load image: 24 milliseconds.]]>
            </line>
            <line>
              <![CDATA[Image is not visible within the screen height.]]>
            </line>
            <line>
              <![CDATA[Time taken to load image: 22 milliseconds.]]>
            </line>
            <line>
              <![CDATA[Image is not visible within the screen height.]]>
            </line>
            <line>
              <![CDATA[Time taken to load image: 31 milliseconds.]]>
            </line>
            <line>
              <![CDATA[Image is not visible within the screen height.]]>
            </line>
            <line>
              <![CDATA[Time taken to load image: 29 milliseconds.]]>
            </line>
            <line>
              <![CDATA[Image is not visible within the screen height.]]>
            </line>
          </reporter-output>
        </test-method> <!-- ImageVisibilityTest -->
        <test-method is-config="true" signature="tearDown()[pri:0, instance:com.example.EcommerceAutomationTest@46cdf8bd]" started-at="2023-08-01T15:58:00 IST" name="tearDown" finished-at="2023-08-01T15:58:00 IST" duration-ms="327" status="PASS">
          <reporter-output>
          </reporter-output>
        </test-method> <!-- tearDown -->
      </class> <!-- com.example.EcommerceAutomationTest -->
    </test> <!-- Testing on Chrome Browser -->
    <test started-at="2023-08-01T15:58:00 IST" name="Testing on Edge Browser" finished-at="2023-08-01T15:58:19 IST" duration-ms="18658">
      <class name="com.example.EcommerceAutomationTest">
        <test-method is-config="true" signature="setup(java.lang.String,java.lang.String)[pri:0, instance:com.example.EcommerceAutomationTest@4b29d1d2]" started-at="2023-08-01T15:58:00 IST" name="setup" finished-at="2023-08-01T15:58:02 IST" duration-ms="1519" status="PASS">
          <params>
            <param index="0">
              <value>
                <![CDATA[edge]]>
              </value>
            </param>
            <param index="1">
              <value>
                <![CDATA[C:\Users\LENOVO\Desktop\pp\msedgedriver.exe]]>
              </value>
            </param>
          </params>
          <reporter-output>
          </reporter-output>
        </test-method> <!-- setup -->
        <test-method signature="HomePageTest(java.lang.String,java.lang.String,java.lang.String)[pri:1, instance:com.example.EcommerceAutomationTest@4b29d1d2]" started-at="2023-08-01T15:58:02 IST" name="HomePageTest" finished-at="2023-08-01T15:58:07 IST" duration-ms="5238" status="PASS">
          <params>
            <param index="0">
              <value>
                <![CDATA[https://www.flipkart.com]]>
              </value>
            </param>
            <param index="1">
              <value>
                <![CDATA[edge]]>
              </value>
            </param>
            <param index="2">
              <value>
                <![CDATA[E:\\screenshots\\]]>
              </value>
            </param>
          </params>
          <reporter-output>
            <line>
              <![CDATA[Page load time: 4216 milliseconds]]>
            </line>
            <line>
              <![CDATA[Reached Flipkart Home page with edge driver]]>
            </line>
            <line>
              <![CDATA[Home title matched]]>
            </line>
            <line>
              <![CDATA[Pop-up has appeared, and it has been closed]]>
            </line>
          </reporter-output>
        </test-method> <!-- HomePageTest -->
        <test-method signature="MobileSearchTest(java.lang.String,java.lang.String)[pri:2, instance:com.example.EcommerceAutomationTest@4b29d1d2]" started-at="2023-08-01T15:58:07 IST" name="MobileSearchTest" finished-at="2023-08-01T15:58:09 IST" duration-ms="1731" status="PASS">
          <params>
            <param index="0">
              <value>
                <![CDATA[edge]]>
              </value>
            </param>
            <param index="1">
              <value>
                <![CDATA[E:\\screenshots\\]]>
              </value>
            </param>
          </params>
          <reporter-output>
            <line>
              <![CDATA[Clicking on Mobiles link]]>
            </line>
            <line>
              <![CDATA[Reached mobiles Page]]>
            </line>
            <line>
              <![CDATA[Sending Keys "iPhone 13"]]>
            </line>
            <line>
              <![CDATA[Clicking on search option]]>
            </line>
          </reporter-output>
        </test-method> <!-- MobileSearchTest -->
        <test-method signature="ScrollFeatureTest(java.lang.String,java.lang.String)[pri:3, instance:com.example.EcommerceAutomationTest@4b29d1d2]" started-at="2023-08-01T15:58:09 IST" name="ScrollFeatureTest" finished-at="2023-08-01T15:58:15 IST" duration-ms="6394" status="PASS">
          <params>
            <param index="0">
              <value>
                <![CDATA[edge]]>
              </value>
            </param>
            <param index="1">
              <value>
                <![CDATA[E:\\screenshots\\]]>
              </value>
            </param>
          </params>
          <reporter-output>
            <line>
              <![CDATA[Reached iPhone 13 Page]]>
            </line>
            <line>
              <![CDATA[Testing scroll feature]]>
            </line>
            <line>
              <![CDATA[Successfully navigated to the bottom of the page.]]>
            </line>
          </reporter-output>
        </test-method> <!-- ScrollFeatureTest -->
        <test-method signature="ImageVisibilityTest(java.lang.String,java.lang.String)[pri:4, instance:com.example.EcommerceAutomationTest@4b29d1d2]" started-at="2023-08-01T15:58:15 IST" name="ImageVisibilityTest" finished-at="2023-08-01T15:58:19 IST" duration-ms="3402" status="PASS">
          <params>
            <param index="0">
              <value>
                <![CDATA[edge]]>
              </value>
            </param>
            <param index="1">
              <value>
                <![CDATA[E:\\screenshots\\]]>
              </value>
            </param>
          </params>
          <reporter-output>
            <line>
              <![CDATA[Checking image visibility...]]>
            </line>
            <line>
              <![CDATA[Verify the frequency of content refresh while scrolling]]>
            </line>
            <line>
              <![CDATA[Executing the JavaScript code...]]>
            </line>
            <line>
              <![CDATA[Checking if images are visible on the screen...]]>
            </line>
            <line>
              <![CDATA[Verifying that the image is downloaded just before the user scrolls to its
position and gets displayed in time...]]>
            </line>
            <line>
              <![CDATA[Time taken to display image: 45 milliseconds.]]>
            </line>
            <line>
              <![CDATA[Image is visible within the screen height.]]>
            </line>
            <line>
              <![CDATA[Time taken to display image: 44 milliseconds.]]>
            </line>
            <line>
              <![CDATA[Image is visible within the screen height.]]>
            </line>
            <line>
              <![CDATA[Time taken to display image: 43 milliseconds.]]>
            </line>
            <line>
              <![CDATA[Image is visible within the screen height.]]>
            </line>
            <line>
              <![CDATA[Time taken to display image: 35 milliseconds.]]>
            </line>
            <line>
              <![CDATA[Image is visible within the screen height.]]>
            </line>
            <line>
              <![CDATA[Time taken to display image: 30 milliseconds.]]>
            </line>
            <line>
              <![CDATA[Image is visible within the screen height.]]>
            </line>
            <line>
              <![CDATA[Time taken to display image: 31 milliseconds.]]>
            </line>
            <line>
              <![CDATA[Image is visible within the screen height.]]>
            </line>
            <line>
              <![CDATA[Time taken to display image: 31 milliseconds.]]>
            </line>
            <line>
              <![CDATA[Image is visible within the screen height.]]>
            </line>
            <line>
              <![CDATA[Time taken to display image: 25 milliseconds.]]>
            </line>
            <line>
              <![CDATA[Image is visible within the screen height.]]>
            </line>
            <line>
              <![CDATA[Time taken to display image: 26 milliseconds.]]>
            </line>
            <line>
              <![CDATA[Image is visible within the screen height.]]>
            </line>
            <line>
              <![CDATA[Time taken to load image: 30 milliseconds.]]>
            </line>
            <line>
              <![CDATA[Image is not visible within the screen height.]]>
            </line>
            <line>
              <![CDATA[Time taken to load image: 36 milliseconds.]]>
            </line>
            <line>
              <![CDATA[Image is not visible within the screen height.]]>
            </line>
            <line>
              <![CDATA[Time taken to load image: 19 milliseconds.]]>
            </line>
            <line>
              <![CDATA[Image is not visible within the screen height.]]>
            </line>
            <line>
              <![CDATA[Time taken to load image: 17 milliseconds.]]>
            </line>
            <line>
              <![CDATA[Image is not visible within the screen height.]]>
            </line>
            <line>
              <![CDATA[Time taken to load image: 9 milliseconds.]]>
            </line>
            <line>
              <![CDATA[Image is not visible within the screen height.]]>
            </line>
            <line>
              <![CDATA[Time taken to load image: 10 milliseconds.]]>
            </line>
            <line>
              <![CDATA[Image is not visible within the screen height.]]>
            </line>
            <line>
              <![CDATA[Time taken to load image: 10 milliseconds.]]>
            </line>
            <line>
              <![CDATA[Image is not visible within the screen height.]]>
            </line>
            <line>
              <![CDATA[Time taken to load image: 10 milliseconds.]]>
            </line>
            <line>
              <![CDATA[Image is not visible within the screen height.]]>
            </line>
            <line>
              <![CDATA[Time taken to load image: 10 milliseconds.]]>
            </line>
            <line>
              <![CDATA[Image is not visible within the screen height.]]>
            </line>
            <line>
              <![CDATA[Time taken to load image: 8 milliseconds.]]>
            </line>
            <line>
              <![CDATA[Image is not visible within the screen height.]]>
            </line>
            <line>
              <![CDATA[Time taken to load image: 6 milliseconds.]]>
            </line>
            <line>
              <![CDATA[Image is not visible within the screen height.]]>
            </line>
            <line>
              <![CDATA[Time taken to load image: 6 milliseconds.]]>
            </line>
            <line>
              <![CDATA[Image is not visible within the screen height.]]>
            </line>
            <line>
              <![CDATA[Time taken to load image: 6 milliseconds.]]>
            </line>
            <line>
              <![CDATA[Image is not visible within the screen height.]]>
            </line>
            <line>
              <![CDATA[Time taken to load image: 8 milliseconds.]]>
            </line>
            <line>
              <![CDATA[Image is not visible within the screen height.]]>
            </line>
            <line>
              <![CDATA[Time taken to load image: 7 milliseconds.]]>
            </line>
            <line>
              <![CDATA[Image is not visible within the screen height.]]>
            </line>
            <line>
              <![CDATA[Time taken to load image: 6 milliseconds.]]>
            </line>
            <line>
              <![CDATA[Image is not visible within the screen height.]]>
            </line>
            <line>
              <![CDATA[Time taken to load image: 10 milliseconds.]]>
            </line>
            <line>
              <![CDATA[Image is not visible within the screen height.]]>
            </line>
            <line>
              <![CDATA[Time taken to load image: 6 milliseconds.]]>
            </line>
            <line>
              <![CDATA[Image is not visible within the screen height.]]>
            </line>
            <line>
              <![CDATA[Time taken to load image: 8 milliseconds.]]>
            </line>
            <line>
              <![CDATA[Image is not visible within the screen height.]]>
            </line>
            <line>
              <![CDATA[Time taken to load image: 18 milliseconds.]]>
            </line>
            <line>
              <![CDATA[Image is not visible within the screen height.]]>
            </line>
            <line>
              <![CDATA[Time taken to load image: 7 milliseconds.]]>
            </line>
            <line>
              <![CDATA[Image is not visible within the screen height.]]>
            </line>
            <line>
              <![CDATA[Time taken to load image: 7 milliseconds.]]>
            </line>
            <line>
              <![CDATA[Image is not visible within the screen height.]]>
            </line>
            <line>
              <![CDATA[Time taken to load image: 7 milliseconds.]]>
            </line>
            <line>
              <![CDATA[Image is not visible within the screen height.]]>
            </line>
            <line>
              <![CDATA[Time taken to load image: 9 milliseconds.]]>
            </line>
            <line>
              <![CDATA[Image is not visible within the screen height.]]>
            </line>
            <line>
              <![CDATA[Time taken to load image: 7 milliseconds.]]>
            </line>
            <line>
              <![CDATA[Image is not visible within the screen height.]]>
            </line>
            <line>
              <![CDATA[Time taken to load image: 9 milliseconds.]]>
            </line>
            <line>
              <![CDATA[Image is not visible within the screen height.]]>
            </line>
          </reporter-output>
        </test-method> <!-- ImageVisibilityTest -->
        <test-method is-config="true" signature="tearDown()[pri:0, instance:com.example.EcommerceAutomationTest@4b29d1d2]" started-at="2023-08-01T15:58:19 IST" name="tearDown" finished-at="2023-08-01T15:58:19 IST" duration-ms="357" status="PASS">
          <reporter-output>
          </reporter-output>
        </test-method> <!-- tearDown -->
      </class> <!-- com.example.EcommerceAutomationTest -->
    </test> <!-- Testing on Edge Browser -->
    <test started-at="2023-08-01T15:58:19 IST" name="Testing on Firefox Browser" finished-at="2023-08-01T15:58:52 IST" duration-ms="33017">
      <class name="com.example.EcommerceAutomationTest">
        <test-method is-config="true" signature="setup(java.lang.String,java.lang.String)[pri:0, instance:com.example.EcommerceAutomationTest@28261e8e]" started-at="2023-08-01T15:58:19 IST" name="setup" finished-at="2023-08-01T15:58:23 IST" duration-ms="4237" status="PASS">
          <params>
            <param index="0">
              <value>
                <![CDATA[gecko]]>
              </value>
            </param>
            <param index="1">
              <value>
                <![CDATA[C:\Users\LENOVO\Desktop\Phase 5\geckodriver.exe]]>
              </value>
            </param>
          </params>
          <reporter-output>
          </reporter-output>
        </test-method> <!-- setup -->
        <test-method signature="HomePageTest(java.lang.String,java.lang.String,java.lang.String)[pri:1, instance:com.example.EcommerceAutomationTest@28261e8e]" started-at="2023-08-01T15:58:23 IST" name="HomePageTest" finished-at="2023-08-01T15:58:39 IST" duration-ms="15583" status="PASS">
          <params>
            <param index="0">
              <value>
                <![CDATA[https://www.flipkart.com]]>
              </value>
            </param>
            <param index="1">
              <value>
                <![CDATA[gecko]]>
              </value>
            </param>
            <param index="2">
              <value>
                <![CDATA[E:\\screenshots\\]]>
              </value>
            </param>
          </params>
          <reporter-output>
            <line>
              <![CDATA[Page load time: 4775 milliseconds]]>
            </line>
            <line>
              <![CDATA[Reached Flipkart Home page with gecko driver]]>
            </line>
            <line>
              <![CDATA[Home title matched]]>
            </line>
            <line>
              <![CDATA[Pop-up has not appeared.]]>
            </line>
          </reporter-output>
        </test-method> <!-- HomePageTest -->
        <test-method signature="MobileSearchTest(java.lang.String,java.lang.String)[pri:2, instance:com.example.EcommerceAutomationTest@28261e8e]" started-at="2023-08-01T15:58:39 IST" name="MobileSearchTest" finished-at="2023-08-01T15:58:41 IST" duration-ms="2112" status="PASS">
          <params>
            <param index="0">
              <value>
                <![CDATA[gecko]]>
              </value>
            </param>
            <param index="1">
              <value>
                <![CDATA[E:\\screenshots\\]]>
              </value>
            </param>
          </params>
          <reporter-output>
            <line>
              <![CDATA[Clicking on Mobiles link]]>
            </line>
            <line>
              <![CDATA[Reached mobiles Page]]>
            </line>
            <line>
              <![CDATA[Sending Keys "iPhone 13"]]>
            </line>
            <line>
              <![CDATA[Clicking on search option]]>
            </line>
          </reporter-output>
        </test-method> <!-- MobileSearchTest -->
        <test-method signature="ScrollFeatureTest(java.lang.String,java.lang.String)[pri:3, instance:com.example.EcommerceAutomationTest@28261e8e]" started-at="2023-08-01T15:58:41 IST" name="ScrollFeatureTest" finished-at="2023-08-01T15:58:47 IST" duration-ms="6309" status="PASS">
          <params>
            <param index="0">
              <value>
                <![CDATA[gecko]]>
              </value>
            </param>
            <param index="1">
              <value>
                <![CDATA[E:\\screenshots\\]]>
              </value>
            </param>
          </params>
          <reporter-output>
            <line>
              <![CDATA[Reached iPhone 13 Page]]>
            </line>
            <line>
              <![CDATA[Testing scroll feature]]>
            </line>
            <line>
              <![CDATA[Successfully navigated to the bottom of the page.]]>
            </line>
          </reporter-output>
        </test-method> <!-- ScrollFeatureTest -->
        <test-method signature="ImageVisibilityTest(java.lang.String,java.lang.String)[pri:4, instance:com.example.EcommerceAutomationTest@28261e8e]" started-at="2023-08-01T15:58:47 IST" name="ImageVisibilityTest" finished-at="2023-08-01T15:58:50 IST" duration-ms="2904" status="PASS">
          <params>
            <param index="0">
              <value>
                <![CDATA[gecko]]>
              </value>
            </param>
            <param index="1">
              <value>
                <![CDATA[E:\\screenshots\\]]>
              </value>
            </param>
          </params>
          <reporter-output>
            <line>
              <![CDATA[Checking image visibility...]]>
            </line>
            <line>
              <![CDATA[Verify the frequency of content refresh while scrolling]]>
            </line>
            <line>
              <![CDATA[Executing the JavaScript code...]]>
            </line>
            <line>
              <![CDATA[Checking if images are visible on the screen...]]>
            </line>
            <line>
              <![CDATA[Verifying that the image is downloaded just before the user scrolls to its
position and gets displayed in time...]]>
            </line>
            <line>
              <![CDATA[Time taken to display image: 9 milliseconds.]]>
            </line>
            <line>
              <![CDATA[Image is visible within the screen height.]]>
            </line>
            <line>
              <![CDATA[Time taken to display image: 6 milliseconds.]]>
            </line>
            <line>
              <![CDATA[Image is visible within the screen height.]]>
            </line>
            <line>
              <![CDATA[Time taken to display image: 7 milliseconds.]]>
            </line>
            <line>
              <![CDATA[Image is visible within the screen height.]]>
            </line>
            <line>
              <![CDATA[Time taken to display image: 5 milliseconds.]]>
            </line>
            <line>
              <![CDATA[Image is visible within the screen height.]]>
            </line>
            <line>
              <![CDATA[Time taken to display image: 5 milliseconds.]]>
            </line>
            <line>
              <![CDATA[Image is visible within the screen height.]]>
            </line>
            <line>
              <![CDATA[Time taken to display image: 6 milliseconds.]]>
            </line>
            <line>
              <![CDATA[Image is visible within the screen height.]]>
            </line>
            <line>
              <![CDATA[Time taken to display image: 6 milliseconds.]]>
            </line>
            <line>
              <![CDATA[Image is visible within the screen height.]]>
            </line>
            <line>
              <![CDATA[Time taken to display image: 6 milliseconds.]]>
            </line>
            <line>
              <![CDATA[Image is visible within the screen height.]]>
            </line>
            <line>
              <![CDATA[Time taken to display image: 17 milliseconds.]]>
            </line>
            <line>
              <![CDATA[Image is visible within the screen height.]]>
            </line>
            <line>
              <![CDATA[Time taken to display image: 10 milliseconds.]]>
            </line>
            <line>
              <![CDATA[Image is visible within the screen height.]]>
            </line>
            <line>
              <![CDATA[Time taken to load image: 8 milliseconds.]]>
            </line>
            <line>
              <![CDATA[Image is not visible within the screen height.]]>
            </line>
            <line>
              <![CDATA[Time taken to load image: 9 milliseconds.]]>
            </line>
            <line>
              <![CDATA[Image is not visible within the screen height.]]>
            </line>
            <line>
              <![CDATA[Time taken to load image: 9 milliseconds.]]>
            </line>
            <line>
              <![CDATA[Image is not visible within the screen height.]]>
            </line>
            <line>
              <![CDATA[Time taken to load image: 6 milliseconds.]]>
            </line>
            <line>
              <![CDATA[Image is not visible within the screen height.]]>
            </line>
            <line>
              <![CDATA[Time taken to load image: 7 milliseconds.]]>
            </line>
            <line>
              <![CDATA[Image is not visible within the screen height.]]>
            </line>
            <line>
              <![CDATA[Time taken to load image: 5 milliseconds.]]>
            </line>
            <line>
              <![CDATA[Image is not visible within the screen height.]]>
            </line>
            <line>
              <![CDATA[Time taken to load image: 6 milliseconds.]]>
            </line>
            <line>
              <![CDATA[Image is not visible within the screen height.]]>
            </line>
            <line>
              <![CDATA[Time taken to load image: 8 milliseconds.]]>
            </line>
            <line>
              <![CDATA[Image is not visible within the screen height.]]>
            </line>
            <line>
              <![CDATA[Time taken to load image: 6 milliseconds.]]>
            </line>
            <line>
              <![CDATA[Image is not visible within the screen height.]]>
            </line>
            <line>
              <![CDATA[Time taken to load image: 7 milliseconds.]]>
            </line>
            <line>
              <![CDATA[Image is not visible within the screen height.]]>
            </line>
            <line>
              <![CDATA[Time taken to load image: 5 milliseconds.]]>
            </line>
            <line>
              <![CDATA[Image is not visible within the screen height.]]>
            </line>
            <line>
              <![CDATA[Time taken to load image: 5 milliseconds.]]>
            </line>
            <line>
              <![CDATA[Image is not visible within the screen height.]]>
            </line>
            <line>
              <![CDATA[Time taken to load image: 7 milliseconds.]]>
            </line>
            <line>
              <![CDATA[Image is not visible within the screen height.]]>
            </line>
            <line>
              <![CDATA[Time taken to load image: 5 milliseconds.]]>
            </line>
            <line>
              <![CDATA[Image is not visible within the screen height.]]>
            </line>
            <line>
              <![CDATA[Time taken to load image: 5 milliseconds.]]>
            </line>
            <line>
              <![CDATA[Image is not visible within the screen height.]]>
            </line>
            <line>
              <![CDATA[Time taken to load image: 7 milliseconds.]]>
            </line>
            <line>
              <![CDATA[Image is not visible within the screen height.]]>
            </line>
            <line>
              <![CDATA[Time taken to load image: 4 milliseconds.]]>
            </line>
            <line>
              <![CDATA[Image is not visible within the screen height.]]>
            </line>
            <line>
              <![CDATA[Time taken to load image: 6 milliseconds.]]>
            </line>
            <line>
              <![CDATA[Image is not visible within the screen height.]]>
            </line>
            <line>
              <![CDATA[Time taken to load image: 6 milliseconds.]]>
            </line>
            <line>
              <![CDATA[Image is not visible within the screen height.]]>
            </line>
            <line>
              <![CDATA[Time taken to load image: 5 milliseconds.]]>
            </line>
            <line>
              <![CDATA[Image is not visible within the screen height.]]>
            </line>
            <line>
              <![CDATA[Time taken to load image: 10 milliseconds.]]>
            </line>
            <line>
              <![CDATA[Image is not visible within the screen height.]]>
            </line>
            <line>
              <![CDATA[Time taken to load image: 6 milliseconds.]]>
            </line>
            <line>
              <![CDATA[Image is not visible within the screen height.]]>
            </line>
            <line>
              <![CDATA[Time taken to load image: 5 milliseconds.]]>
            </line>
            <line>
              <![CDATA[Image is not visible within the screen height.]]>
            </line>
            <line>
              <![CDATA[Time taken to load image: 7 milliseconds.]]>
            </line>
            <line>
              <![CDATA[Image is not visible within the screen height.]]>
            </line>
            <line>
              <![CDATA[Time taken to load image: 10 milliseconds.]]>
            </line>
            <line>
              <![CDATA[Image is not visible within the screen height.]]>
            </line>
          </reporter-output>
        </test-method> <!-- ImageVisibilityTest -->
        <test-method is-config="true" signature="tearDown()[pri:0, instance:com.example.EcommerceAutomationTest@28261e8e]" started-at="2023-08-01T15:58:50 IST" name="tearDown" finished-at="2023-08-01T15:58:52 IST" duration-ms="1850" status="PASS">
          <reporter-output>
          </reporter-output>
        </test-method> <!-- tearDown -->
      </class> <!-- com.example.EcommerceAutomationTest -->
    </test> <!-- Testing on Firefox Browser -->
  </suite> <!-- Automating-Ecommerce-Website -->
</testng-results>
