<?xml version="1.0" encoding="UTF-8"?>
<!-- Generated by org.testng.reporters.JUnitXMLReporter -->
<testsuite ignored="0" hostname="LAPTOP-LF5IC19J" failures="0" tests="4" name="Testing on Edge Browser" time="18.658" errors="0" timestamp="2023-08-01T15:58:19 IST">
  <testcase classname="com.example.EcommerceAutomationTest" name="HomePageTest" time="5.238"/>
  <testcase classname="com.example.EcommerceAutomationTest" name="MobileSearchTest" time="1.731"/>
  <testcase classname="com.example.EcommerceAutomationTest" name="ScrollFeatureTest" time="6.394"/>
  <testcase classname="com.example.EcommerceAutomationTest" name="ImageVisibilityTest" time="3.402"/>
</testsuite> <!-- Testing on Edge Browser -->
