<?xml version="1.0" encoding="UTF-8"?>
<!-- Generated by org.testng.reporters.JUnitXMLReporter -->
<testsuite ignored="0" hostname="LAPTOP-LF5IC19J" failures="0" tests="4" name="Testing on Chrome Browser" time="35.653" errors="0" timestamp="2023-08-01T15:58:00 IST">
  <testcase classname="com.example.EcommerceAutomationTest" name="HomePageTest" time="16.368"/>
  <testcase classname="com.example.EcommerceAutomationTest" name="MobileSearchTest" time="5.696"/>
  <testcase classname="com.example.EcommerceAutomationTest" name="ScrollFeatureTest" time="6.393"/>
  <testcase classname="com.example.EcommerceAutomationTest" name="ImageVisibilityTest" time="4.495"/>
</testsuite> <!-- Testing on Chrome Browser -->
