<?xml version="1.0" encoding="UTF-8"?>
<!-- Generated by org.testng.reporters.JUnitXMLReporter -->
<testsuite ignored="0" hostname="LAPTOP-LF5IC19J" failures="0" tests="4" name="Testing on Firefox Browser" time="33.017" errors="0" timestamp="2023-08-01T15:58:52 IST">
  <testcase classname="com.example.EcommerceAutomationTest" name="HomePageTest" time="15.583"/>
  <testcase classname="com.example.EcommerceAutomationTest" name="MobileSearchTest" time="2.112"/>
  <testcase classname="com.example.EcommerceAutomationTest" name="ScrollFeatureTest" time="6.309"/>
  <testcase classname="com.example.EcommerceAutomationTest" name="ImageVisibilityTest" time="2.904"/>
</testsuite> <!-- Testing on Firefox Browser -->
